/usr/local/lib/python2.7/dist-packages/rasa_nlu/extractors/entity_synonyms.py:85: UserWarning: Failed to load synonyms file from 'models/nlu/default/cct-bot-nlu/entity_synonyms.json'
  "".format(entity_synonyms_file))

/usr/local/lib/python2.7/dist-packages/sklearn/preprocessing/label.py:151: DeprecationWarning: The truth value of an empty array is ambiguous. Returning False, but in future this will result in an error. Use `array.size > 0` to check that an array is not empty.
  if diff:

/usr/local/lib/python2.7/dist-packages/rasa_nlu/extractors/entity_synonyms.py:85: UserWarning: Failed to load synonyms file from 'models/nlu/default/cct-bot-nlu/entity_synonyms.json'
  "".format(entity_synonyms_file))

/usr/local/lib/python2.7/dist-packages/sklearn/preprocessing/label.py:151: DeprecationWarning: The truth value of an empty array is ambiguous. Returning False, but in future this will result in an error. Use `array.size > 0` to check that an array is not empty.
  if diff:

/usr/local/lib/python2.7/dist-packages/sklearn/preprocessing/label.py:151: DeprecationWarning: The truth value of an empty array is ambiguous. Returning False, but in future this will result in an error. Use `array.size > 0` to check that an array is not empty.
  if diff:

/usr/local/lib/python2.7/dist-packages/sklearn/preprocessing/label.py:151: DeprecationWarning: The truth value of an empty array is ambiguous. Returning False, but in future this will result in an error. Use `array.size > 0` to check that an array is not empty.
  if diff:

/usr/local/lib/python2.7/dist-packages/sklearn/preprocessing/label.py:151: DeprecationWarning: The truth value of an empty array is ambiguous. Returning False, but in future this will result in an error. Use `array.size > 0` to check that an array is not empty.
  if diff:

/usr/local/lib/python2.7/dist-packages/rasa_nlu/extractors/entity_synonyms.py:85: UserWarning: Failed to load synonyms file from 'models/nlu/default/cct-bot-nlu/entity_synonyms.json'
  "".format(entity_synonyms_file))

/usr/local/lib/python2.7/dist-packages/rasa_nlu/extractors/entity_synonyms.py:85: UserWarning: Failed to load synonyms file from 'models/nlu/default/cct-bot-nlu/entity_synonyms.json'
  "".format(entity_synonyms_file))

/usr/local/lib/python2.7/dist-packages/sklearn/preprocessing/label.py:151: DeprecationWarning: The truth value of an empty array is ambiguous. Returning False, but in future this will result in an error. Use `array.size > 0` to check that an array is not empty.
  if diff:

/usr/local/lib/python2.7/dist-packages/sklearn/preprocessing/label.py:151: DeprecationWarning: The truth value of an empty array is ambiguous. Returning False, but in future this will result in an error. Use `array.size > 0` to check that an array is not empty.
  if diff:

/usr/local/lib/python2.7/dist-packages/sklearn/preprocessing/label.py:151: DeprecationWarning: The truth value of an empty array is ambiguous. Returning False, but in future this will result in an error. Use `array.size > 0` to check that an array is not empty.
  if diff:

/usr/local/lib/python2.7/dist-packages/sklearn/preprocessing/label.py:151: DeprecationWarning: The truth value of an empty array is ambiguous. Returning False, but in future this will result in an error. Use `array.size > 0` to check that an array is not empty.
  if diff:

/usr/local/lib/python2.7/dist-packages/sklearn/preprocessing/label.py:151: DeprecationWarning: The truth value of an empty array is ambiguous. Returning False, but in future this will result in an error. Use `array.size > 0` to check that an array is not empty.
  if diff:

/usr/local/lib/python2.7/dist-packages/sklearn/preprocessing/label.py:151: DeprecationWarning: The truth value of an empty array is ambiguous. Returning False, but in future this will result in an error. Use `array.size > 0` to check that an array is not empty.
  if diff:

/usr/local/lib/python2.7/dist-packages/sklearn/preprocessing/label.py:151: DeprecationWarning: The truth value of an empty array is ambiguous. Returning False, but in future this will result in an error. Use `array.size > 0` to check that an array is not empty.
  if diff:

/usr/local/lib/python2.7/dist-packages/sklearn/preprocessing/label.py:151: DeprecationWarning: The truth value of an empty array is ambiguous. Returning False, but in future this will result in an error. Use `array.size > 0` to check that an array is not empty.
  if diff:

/usr/local/lib/python2.7/dist-packages/sklearn/preprocessing/label.py:151: DeprecationWarning: The truth value of an empty array is ambiguous. Returning False, but in future this will result in an error. Use `array.size > 0` to check that an array is not empty.
  if diff:

/usr/local/lib/python2.7/dist-packages/sklearn/preprocessing/label.py:151: DeprecationWarning: The truth value of an empty array is ambiguous. Returning False, but in future this will result in an error. Use `array.size > 0` to check that an array is not empty.
  if diff:

/usr/local/lib/python2.7/dist-packages/sklearn/preprocessing/label.py:151: DeprecationWarning: The truth value of an empty array is ambiguous. Returning False, but in future this will result in an error. Use `array.size > 0` to check that an array is not empty.
  if diff:

/usr/local/lib/python2.7/dist-packages/sklearn/preprocessing/label.py:151: DeprecationWarning: The truth value of an empty array is ambiguous. Returning False, but in future this will result in an error. Use `array.size > 0` to check that an array is not empty.
  if diff:

/usr/local/lib/python2.7/dist-packages/sklearn/preprocessing/label.py:151: DeprecationWarning: The truth value of an empty array is ambiguous. Returning False, but in future this will result in an error. Use `array.size > 0` to check that an array is not empty.
  if diff:

/usr/local/lib/python2.7/dist-packages/sklearn/preprocessing/label.py:151: DeprecationWarning: The truth value of an empty array is ambiguous. Returning False, but in future this will result in an error. Use `array.size > 0` to check that an array is not empty.
  if diff:

/usr/local/lib/python2.7/dist-packages/sklearn/preprocessing/label.py:151: DeprecationWarning: The truth value of an empty array is ambiguous. Returning False, but in future this will result in an error. Use `array.size > 0` to check that an array is not empty.
  if diff:

/usr/local/lib/python2.7/dist-packages/sklearn/preprocessing/label.py:151: DeprecationWarning: The truth value of an empty array is ambiguous. Returning False, but in future this will result in an error. Use `array.size > 0` to check that an array is not empty.
  if diff:

/usr/local/lib/python2.7/dist-packages/sklearn/preprocessing/label.py:151: DeprecationWarning: The truth value of an empty array is ambiguous. Returning False, but in future this will result in an error. Use `array.size > 0` to check that an array is not empty.
  if diff:

/usr/local/lib/python2.7/dist-packages/sklearn/preprocessing/label.py:151: DeprecationWarning: The truth value of an empty array is ambiguous. Returning False, but in future this will result in an error. Use `array.size > 0` to check that an array is not empty.
  if diff:

/usr/local/lib/python2.7/dist-packages/sklearn/preprocessing/label.py:151: DeprecationWarning: The truth value of an empty array is ambiguous. Returning False, but in future this will result in an error. Use `array.size > 0` to check that an array is not empty.
  if diff:

/usr/local/lib/python2.7/dist-packages/sklearn/preprocessing/label.py:151: DeprecationWarning: The truth value of an empty array is ambiguous. Returning False, but in future this will result in an error. Use `array.size > 0` to check that an array is not empty.
  if diff:

/usr/local/lib/python2.7/dist-packages/sklearn/preprocessing/label.py:151: DeprecationWarning: The truth value of an empty array is ambiguous. Returning False, but in future this will result in an error. Use `array.size > 0` to check that an array is not empty.
  if diff:

/usr/local/lib/python2.7/dist-packages/sklearn/preprocessing/label.py:151: DeprecationWarning: The truth value of an empty array is ambiguous. Returning False, but in future this will result in an error. Use `array.size > 0` to check that an array is not empty.
  if diff:

/usr/local/lib/python2.7/dist-packages/sklearn/preprocessing/label.py:151: DeprecationWarning: The truth value of an empty array is ambiguous. Returning False, but in future this will result in an error. Use `array.size > 0` to check that an array is not empty.
  if diff:

/usr/local/lib/python2.7/dist-packages/sklearn/preprocessing/label.py:151: DeprecationWarning: The truth value of an empty array is ambiguous. Returning False, but in future this will result in an error. Use `array.size > 0` to check that an array is not empty.
  if diff:

Failed to load any agent model. Running Rasa Core server with out loaded model now. Action 'actions.ActionSearch' doesn't correspond to a template / action. Remember to prefix actions that should utter a template with `utter_`. Error: No module named actions
Failed to load any agent model. Running Rasa Core server with out loaded model now. Action 'actions.ActionSearch' doesn't correspond to a template / action. Remember to prefix actions that should utter a template with `utter_`. Error: No module named actions
/usr/local/lib/python2.7/dist-packages/rasa_nlu/extractors/entity_synonyms.py:85: UserWarning: Failed to load synonyms file from 'models/nlu/default/cct-bot-nlu/entity_synonyms.json'
  "".format(entity_synonyms_file))

/usr/local/lib/python2.7/dist-packages/sklearn/preprocessing/label.py:151: DeprecationWarning: The truth value of an empty array is ambiguous. Returning False, but in future this will result in an error. Use `array.size > 0` to check that an array is not empty.
  if diff:

/usr/local/lib/python2.7/dist-packages/sklearn/preprocessing/label.py:151: DeprecationWarning: The truth value of an empty array is ambiguous. Returning False, but in future this will result in an error. Use `array.size > 0` to check that an array is not empty.
  if diff:

/usr/local/lib/python2.7/dist-packages/sklearn/preprocessing/label.py:151: DeprecationWarning: The truth value of an empty array is ambiguous. Returning False, but in future this will result in an error. Use `array.size > 0` to check that an array is not empty.
  if diff:

/usr/local/lib/python2.7/dist-packages/rasa_nlu/extractors/entity_synonyms.py:85: UserWarning: Failed to load synonyms file from 'models/nlu/default/cct-bot-nlu/entity_synonyms.json'
  "".format(entity_synonyms_file))

/usr/local/lib/python2.7/dist-packages/sklearn/preprocessing/label.py:151: DeprecationWarning: The truth value of an empty array is ambiguous. Returning False, but in future this will result in an error. Use `array.size > 0` to check that an array is not empty.
  if diff:

/usr/local/lib/python2.7/dist-packages/sklearn/preprocessing/label.py:151: DeprecationWarning: The truth value of an empty array is ambiguous. Returning False, but in future this will result in an error. Use `array.size > 0` to check that an array is not empty.
  if diff:

/usr/local/lib/python2.7/dist-packages/sklearn/preprocessing/label.py:151: DeprecationWarning: The truth value of an empty array is ambiguous. Returning False, but in future this will result in an error. Use `array.size > 0` to check that an array is not empty.
  if diff:

/usr/local/lib/python2.7/dist-packages/sklearn/preprocessing/label.py:151: DeprecationWarning: The truth value of an empty array is ambiguous. Returning False, but in future this will result in an error. Use `array.size > 0` to check that an array is not empty.
  if diff:

/usr/local/lib/python2.7/dist-packages/sklearn/preprocessing/label.py:151: DeprecationWarning: The truth value of an empty array is ambiguous. Returning False, but in future this will result in an error. Use `array.size > 0` to check that an array is not empty.
  if diff:

/usr/local/lib/python2.7/dist-packages/sklearn/preprocessing/label.py:151: DeprecationWarning: The truth value of an empty array is ambiguous. Returning False, but in future this will result in an error. Use `array.size > 0` to check that an array is not empty.
  if diff:

/usr/local/lib/python2.7/dist-packages/rasa_nlu/extractors/entity_synonyms.py:85: UserWarning: Failed to load synonyms file from 'models/nlu/default/cct-bot-nlu/entity_synonyms.json'
  "".format(entity_synonyms_file))

/usr/local/lib/python2.7/dist-packages/sklearn/preprocessing/label.py:151: DeprecationWarning: The truth value of an empty array is ambiguous. Returning False, but in future this will result in an error. Use `array.size > 0` to check that an array is not empty.
  if diff:

/usr/local/lib/python2.7/dist-packages/sklearn/preprocessing/label.py:151: DeprecationWarning: The truth value of an empty array is ambiguous. Returning False, but in future this will result in an error. Use `array.size > 0` to check that an array is not empty.
  if diff:

/usr/local/lib/python2.7/dist-packages/rasa_nlu/extractors/entity_synonyms.py:85: UserWarning: Failed to load synonyms file from 'models/nlu/default/cct-bot-nlu/entity_synonyms.json'
  "".format(entity_synonyms_file))

/usr/local/lib/python2.7/dist-packages/rasa_nlu/extractors/entity_synonyms.py:85: UserWarning: Failed to load synonyms file from 'models/nlu/default/cct-bot-nlu/entity_synonyms.json'
  "".format(entity_synonyms_file))

/usr/local/lib/python2.7/dist-packages/rasa_nlu/extractors/entity_synonyms.py:85: UserWarning: Failed to load synonyms file from 'models/nlu/default/cct-bot-nlu/entity_synonyms.json'
  "".format(entity_synonyms_file))

/usr/local/lib/python2.7/dist-packages/rasa_nlu/extractors/entity_synonyms.py:85: UserWarning: Failed to load synonyms file from 'models/nlu/default/cct-bot-nlu/entity_synonyms.json'
  "".format(entity_synonyms_file))

/usr/local/lib/python2.7/dist-packages/sklearn/preprocessing/label.py:151: DeprecationWarning: The truth value of an empty array is ambiguous. Returning False, but in future this will result in an error. Use `array.size > 0` to check that an array is not empty.
  if diff:

/usr/local/lib/python2.7/dist-packages/sklearn/preprocessing/label.py:151: DeprecationWarning: The truth value of an empty array is ambiguous. Returning False, but in future this will result in an error. Use `array.size > 0` to check that an array is not empty.
  if diff:

/usr/local/lib/python2.7/dist-packages/sklearn/preprocessing/label.py:151: DeprecationWarning: The truth value of an empty array is ambiguous. Returning False, but in future this will result in an error. Use `array.size > 0` to check that an array is not empty.
  if diff:

/usr/local/lib/python2.7/dist-packages/sklearn/preprocessing/label.py:151: DeprecationWarning: The truth value of an empty array is ambiguous. Returning False, but in future this will result in an error. Use `array.size > 0` to check that an array is not empty.
  if diff:

/usr/local/lib/python2.7/dist-packages/sklearn/preprocessing/label.py:151: DeprecationWarning: The truth value of an empty array is ambiguous. Returning False, but in future this will result in an error. Use `array.size > 0` to check that an array is not empty.
  if diff:

/usr/local/lib/python2.7/dist-packages/sklearn/preprocessing/label.py:151: DeprecationWarning: The truth value of an empty array is ambiguous. Returning False, but in future this will result in an error. Use `array.size > 0` to check that an array is not empty.
  if diff:

Failed to load any agent model. Running Rasa Core server with out loaded model now. Failed to load model metadata from '/home/user/Projects/development/rasa-nlu-sample/models/nlu/metadata.json'. [Errno 2] No such file or directory: 'models/nlu/metadata.json'
/usr/local/lib/python2.7/dist-packages/rasa_nlu/extractors/entity_synonyms.py:85: UserWarning: Failed to load synonyms file from 'models/nlu/default/cct-bot-nlu/entity_synonyms.json'
  "".format(entity_synonyms_file))

/usr/local/lib/python2.7/dist-packages/sklearn/preprocessing/label.py:151: DeprecationWarning: The truth value of an empty array is ambiguous. Returning False, but in future this will result in an error. Use `array.size > 0` to check that an array is not empty.
  if diff:

/usr/local/lib/python2.7/dist-packages/sklearn/preprocessing/label.py:151: DeprecationWarning: The truth value of an empty array is ambiguous. Returning False, but in future this will result in an error. Use `array.size > 0` to check that an array is not empty.
  if diff:

/usr/local/lib/python2.7/dist-packages/sklearn/preprocessing/label.py:151: DeprecationWarning: The truth value of an empty array is ambiguous. Returning False, but in future this will result in an error. Use `array.size > 0` to check that an array is not empty.
  if diff:

